0 info it worked if it ends with ok
1 verbose cli [ '/usr/bin/nodejs', '/usr/bin/npm', 'install', '-g', 'heroku' ]
2 info using npm@1.4.21
3 info using node@v0.10.29
4 verbose cache add [ 'heroku', null ]
5 verbose cache add name=undefined spec="heroku" args=["heroku",null]
6 verbose parsed url { protocol: null,
6 verbose parsed url   slashes: null,
6 verbose parsed url   auth: null,
6 verbose parsed url   host: null,
6 verbose parsed url   port: null,
6 verbose parsed url   hostname: null,
6 verbose parsed url   hash: null,
6 verbose parsed url   search: null,
6 verbose parsed url   query: null,
6 verbose parsed url   pathname: 'heroku',
6 verbose parsed url   path: 'heroku',
6 verbose parsed url   href: 'heroku' }
7 silly lockFile 9aef5f5a-heroku heroku
8 verbose lock heroku /home/pi/.npm/9aef5f5a-heroku.lock
9 silly lockFile 9aef5f5a-heroku heroku
10 silly lockFile 9aef5f5a-heroku heroku
11 verbose addNamed [ 'heroku', '' ]
12 verbose addNamed [ null, '*' ]
13 silly lockFile 91601de1-heroku heroku@
14 verbose lock heroku@ /home/pi/.npm/91601de1-heroku.lock
15 silly addNameRange { name: 'heroku', range: '*', hasData: false }
16 verbose request where is /heroku
17 verbose request registry https://registry.npmjs.org/
18 verbose request id 000ec6288f77fb43
19 verbose url raw /heroku
20 verbose url resolving [ 'https://registry.npmjs.org/', './heroku' ]
21 verbose url resolved https://registry.npmjs.org/heroku
22 verbose request where is https://registry.npmjs.org/heroku
23 info trying registry request attempt 1 at 23:38:49
24 verbose etag "5aee0409-206fb"
25 http GET https://registry.npmjs.org/heroku
26 http 304 https://registry.npmjs.org/heroku
27 silly registry.get cb [ 304,
27 silly registry.get   { date: 'Sun, 06 May 2018 03:38:49 GMT',
27 silly registry.get     via: '1.1 varnish',
27 silly registry.get     'cache-control': 'max-age=300',
27 silly registry.get     etag: '"5aee0409-206fb"',
27 silly registry.get     age: '4169',
27 silly registry.get     connection: 'keep-alive',
27 silly registry.get     'x-served-by': 'cache-atl6226-ATL',
27 silly registry.get     'x-cache': 'HIT',
27 silly registry.get     'x-cache-hits': '1',
27 silly registry.get     'x-timer': 'S1525577930.500655,VS0,VE1',
27 silly registry.get     vary: 'Accept-Encoding, Accept' } ]
28 verbose etag https://registry.npmjs.org/heroku from cache
29 silly addNameRange number 2 { name: 'heroku', range: '*', hasData: true }
30 silly addNameRange versions [ 'heroku',
30 silly addNameRange   [ '0.0.1',
30 silly addNameRange     '0.0.2',
30 silly addNameRange     '0.0.3',
30 silly addNameRange     '0.0.4',
30 silly addNameRange     '0.0.5',
30 silly addNameRange     '0.0.6',
30 silly addNameRange     '0.0.7',
30 silly addNameRange     '0.1.0',
30 silly addNameRange     '0.1.1',
30 silly addNameRange     '0.1.2',
30 silly addNameRange     '0.1.3',
30 silly addNameRange     '0.2.0' ] ]
31 verbose addNamed [ 'heroku', '0.2.0' ]
32 verbose addNamed [ '0.2.0', '0.2.0' ]
33 silly lockFile 35e9aae9-heroku-0-2-0 heroku@0.2.0
34 verbose lock heroku@0.2.0 /home/pi/.npm/35e9aae9-heroku-0-2-0.lock
35 silly lockFile 35e9aae9-heroku-0-2-0 heroku@0.2.0
36 silly lockFile 35e9aae9-heroku-0-2-0 heroku@0.2.0
37 silly lockFile 91601de1-heroku heroku@
38 silly lockFile 91601de1-heroku heroku@
39 silly resolved [ { name: 'heroku',
39 silly resolved     description: 'Heroku API bindings for node.',
39 silly resolved     version: '0.2.0',
39 silly resolved     homepage: 'http://github.com/toots/node-heroku',
39 silly resolved     author: { name: 'Romain Beauxis' },
39 silly resolved     repository: { type: 'git', url: 'git://github.com/toots/node-heroku.git' },
39 silly resolved     bugs: { url: 'http://github.com/toots/node-heroku/issues' },
39 silly resolved     main: 'lib/heroku.js',
39 silly resolved     directories: { lib: './lib', test: './test', src: './src' },
39 silly resolved     scripts: { test: 'cake spec' },
39 silly resolved     engine: { node: '>= 0.4.7', npm: '1' },
39 silly resolved     licences: [ [Object] ],
39 silly resolved     dependencies: { 'coffee-script': '1.10.0', 'jasmine-node': '1.14.5' },
39 silly resolved     gitHead: 'f202e891f859ffd6ac6f04506bee7637f78e60a2',
39 silly resolved     _id: 'heroku@0.2.0',
39 silly resolved     _shasum: '48ca255080cb625dcbb3a3a69b3f3c8ef0796dd9',
39 silly resolved     _from: 'heroku@',
39 silly resolved     _npmVersion: '3.3.9',
39 silly resolved     _nodeVersion: '5.0.0',
39 silly resolved     _npmUser: { name: 'toots', email: 'toots@rastageeks.org' },
39 silly resolved     dist:
39 silly resolved      { shasum: '48ca255080cb625dcbb3a3a69b3f3c8ef0796dd9',
39 silly resolved        tarball: 'https://registry.npmjs.org/heroku/-/heroku-0.2.0.tgz' },
39 silly resolved     maintainers: [ [Object] ],
39 silly resolved     _npmOperationalInternal:
39 silly resolved      { host: 'packages-12-west.internal.npmjs.com',
39 silly resolved        tmp: 'tmp/heroku-0.2.0.tgz_1458316035311_0.3929859565105289' },
39 silly resolved     _resolved: 'https://registry.npmjs.org/heroku/-/heroku-0.2.0.tgz',
39 silly resolved     readme: 'ERROR: No README data found!' } ]
40 info install heroku@0.2.0 into /usr/local/lib
41 info installOne heroku@0.2.0
42 verbose lib/node_modules/heroku unbuild
43 info preuninstall heroku@0.2.0
44 info uninstall heroku@0.2.0
45 verbose true,/usr/local/lib/node_modules,/usr/local/lib/node_modules unbuild heroku@0.2.0
46 info postuninstall heroku@0.2.0
47 verbose lib/node_modules/heroku unbuild
48 info preuninstall heroku@0.2.0
49 info uninstall heroku@0.2.0
50 verbose true,/usr/local/lib/node_modules,/usr/local/lib/node_modules unbuild heroku@0.2.0
51 info postuninstall heroku@0.2.0
52 error error rolling back Error: EACCES, unlink '/usr/local/lib/node_modules/heroku'
52 error error rolling back  heroku@0.2.0 { [Error: EACCES, unlink '/usr/local/lib/node_modules/heroku']
52 error error rolling back   errno: 3,
52 error error rolling back   code: 'EACCES',
52 error error rolling back   path: '/usr/local/lib/node_modules/heroku' }
53 error Error: EACCES, unlink '/usr/local/lib/node_modules/heroku'
53 error  { [Error: EACCES, unlink '/usr/local/lib/node_modules/heroku']
53 error   errno: 3,
53 error   code: 'EACCES',
53 error   path: '/usr/local/lib/node_modules/heroku' }
54 error Please try running this command again as root/Administrator.
55 error System Linux 4.4.50-v7+
56 error command "/usr/bin/nodejs" "/usr/bin/npm" "install" "-g" "heroku"
57 error cwd /home/pi/Documents/Codes/Comp322 (original)/aggieDogPound
58 error node -v v0.10.29
59 error npm -v 1.4.21
60 error path /usr/local/lib/node_modules/heroku
61 error code EACCES
62 error errno 3
63 error stack Error: EACCES, unlink '/usr/local/lib/node_modules/heroku'
64 verbose exit [ 3, true ]
